2018-11-27 15:52:25,018 INFO o.a.j.u.JMeterUtils: Setting Locale to en_EN
2018-11-27 15:52:25,097 INFO o.a.j.JMeter: Loading user properties from: /usr/local/Cellar/jmeter/5.0/libexec/bin/user.properties
2018-11-27 15:52:25,101 INFO o.a.j.JMeter: Loading system properties from: /usr/local/Cellar/jmeter/5.0/libexec/bin/system.properties
2018-11-27 15:52:25,160 INFO o.a.j.JMeter: Copyright (c) 1998-2018 The Apache Software Foundation
2018-11-27 15:52:25,160 INFO o.a.j.JMeter: Version 5.0 r1840935
2018-11-27 15:52:25,160 INFO o.a.j.JMeter: java.version=10.0.2
2018-11-27 15:52:25,160 INFO o.a.j.JMeter: java.vm.name=Java HotSpot(TM) 64-Bit Server VM
2018-11-27 15:52:25,160 INFO o.a.j.JMeter: os.name=Mac OS X
2018-11-27 15:52:25,160 INFO o.a.j.JMeter: os.arch=x86_64
2018-11-27 15:52:25,160 INFO o.a.j.JMeter: os.version=10.13.6
2018-11-27 15:52:25,161 INFO o.a.j.JMeter: file.encoding=UTF-8
2018-11-27 15:52:25,161 INFO o.a.j.JMeter: Max memory     =1073741824
2018-11-27 15:52:25,161 INFO o.a.j.JMeter: Available Processors =4
2018-11-27 15:52:25,247 INFO o.a.j.JMeter: Default Locale=English (EN)
2018-11-27 15:52:25,248 INFO o.a.j.JMeter: JMeter  Locale=English (EN)
2018-11-27 15:52:25,248 INFO o.a.j.JMeter: JMeterHome=/usr/local/Cellar/jmeter/5.0/libexec
2018-11-27 15:52:25,248 INFO o.a.j.JMeter: user.dir  =/Users/surabhisinha/Downloads/LinkedIn-Clone/linkedin-backend
2018-11-27 15:52:25,249 INFO o.a.j.JMeter: PWD       =/Users/surabhisinha/Downloads/LinkedIn-Clone/linkedin-backend
2018-11-27 15:52:25,252 INFO o.a.j.JMeter: IP: 10.250.143.232 Name: surabhis-MacBook-Pro.local FullName: 10.250.143.232
2018-11-27 15:52:28,823 INFO o.a.j.g.a.LookAndFeelCommand: Installing Darcula LAF
2018-11-27 15:52:28,836 INFO o.a.j.g.a.LookAndFeelCommand: Using look and feel: javax.swing.plaf.metal.MetalLookAndFeel [Darcula]
2018-11-27 15:52:28,836 INFO o.a.j.JMeter: Setting LAF to: javax.swing.plaf.metal.MetalLookAndFeel
2018-11-27 15:52:28,882 INFO o.a.j.JMeter: Loaded icon properties from org/apache/jmeter/images/icon.properties
2018-11-27 15:52:29,680 INFO o.a.j.e.u.CompoundVariable: Note: Function class names must contain the string: '.functions.'
2018-11-27 15:52:29,681 INFO o.a.j.e.u.CompoundVariable: Note: Function class names must not contain the string: '.gui.'
2018-11-27 15:52:31,954 INFO o.a.j.p.h.s.HTTPSamplerBase: Parser for text/html is org.apache.jmeter.protocol.http.parser.LagartoBasedHtmlParser
2018-11-27 15:52:31,955 INFO o.a.j.p.h.s.HTTPSamplerBase: Parser for application/xhtml+xml is org.apache.jmeter.protocol.http.parser.LagartoBasedHtmlParser
2018-11-27 15:52:31,956 INFO o.a.j.p.h.s.HTTPSamplerBase: Parser for application/xml is org.apache.jmeter.protocol.http.parser.LagartoBasedHtmlParser
2018-11-27 15:52:31,956 INFO o.a.j.p.h.s.HTTPSamplerBase: Parser for text/xml is org.apache.jmeter.protocol.http.parser.LagartoBasedHtmlParser
2018-11-27 15:52:31,956 INFO o.a.j.p.h.s.HTTPSamplerBase: Parser for text/vnd.wap.wml is org.apache.jmeter.protocol.http.parser.RegexpHTMLParser
2018-11-27 15:52:31,956 INFO o.a.j.p.h.s.HTTPSamplerBase: Parser for text/css is org.apache.jmeter.protocol.http.parser.CssParser
2018-11-27 15:52:32,657 INFO o.a.j.e.KeyToolUtils: keytool found at 'keytool'
2018-11-27 15:52:32,657 INFO o.a.j.p.h.p.ProxyControl: HTTP(S) Test Script Recorder SSL Proxy will use keys that support embedded 3rd party resources in file /usr/local/Cellar/jmeter/5.0/libexec/bin/proxyserver.jks
2018-11-27 15:52:32,907 INFO o.a.j.s.FileServer: Default base='/Users/surabhisinha/Downloads/LinkedIn-Clone/linkedin-backend'
2018-11-27 15:52:33,423 INFO o.a.j.s.SampleResult: Note: Sample TimeStamps are START times
2018-11-27 15:52:33,429 INFO o.a.j.s.SampleResult: sampleresult.default.encoding is set to ISO-8859-1
2018-11-27 15:52:33,429 INFO o.a.j.s.SampleResult: sampleresult.useNanoTime=true
2018-11-27 15:52:33,430 INFO o.a.j.s.SampleResult: sampleresult.nanoThreadSleep=5000
2018-11-27 15:54:28,499 WARN o.a.j.u.JMeterUtils: ERROR! Resource string not found: [label]
2018-11-27 15:54:28,525 WARN o.a.j.u.JMeterUtils: ERROR! Resource string not found: [label]
2018-11-27 15:54:28,526 WARN o.a.j.u.JMeterUtils: ERROR! Resource string not found: [label]
2018-11-27 15:54:28,527 WARN o.a.j.u.JMeterUtils: ERROR! Resource string not found: [label]
2018-11-27 15:54:28,528 WARN o.a.j.u.JMeterUtils: ERROR! Resource string not found: [label]
2018-11-27 15:54:28,531 WARN o.a.j.u.JMeterUtils: ERROR! Resource string not found: [label]
2018-11-27 15:54:28,531 WARN o.a.j.u.JMeterUtils: ERROR! Resource string not found: [#_samples]
2018-11-27 15:54:28,532 WARN o.a.j.u.JMeterUtils: ERROR! Resource string not found: [median]
2018-11-27 15:54:28,532 WARN o.a.j.u.JMeterUtils: ERROR! Resource string not found: [90%_line]
2018-11-27 15:54:28,535 WARN o.a.j.u.JMeterUtils: ERROR! Resource string not found: [95%_line]
2018-11-27 15:54:28,535 WARN o.a.j.u.JMeterUtils: ERROR! Resource string not found: [99%_line]
2018-11-27 15:54:28,536 WARN o.a.j.u.JMeterUtils: ERROR! Resource string not found: [min]
2018-11-27 15:54:28,536 WARN o.a.j.u.JMeterUtils: ERROR! Resource string not found: [error_%]
2018-11-27 15:54:28,536 WARN o.a.j.u.JMeterUtils: ERROR! Resource string not found: [throughput]
2018-11-27 15:54:28,536 WARN o.a.j.u.JMeterUtils: ERROR! Resource string not found: [received_kb/sec]
2018-11-27 15:54:28,537 WARN o.a.j.u.JMeterUtils: ERROR! Resource string not found: [sent_kb/sec]
2018-11-27 15:54:28,546 WARN o.a.j.u.JMeterUtils: ERROR! Resource string not found: [label]
2018-11-27 15:54:28,550 WARN o.a.j.u.JMeterUtils: ERROR! Resource string not found: [label]
2018-11-27 15:54:28,551 WARN o.a.j.u.JMeterUtils: ERROR! Resource string not found: [label]
2018-11-27 15:54:36,960 INFO o.a.j.s.FileServer: Set new base='/Users/surabhisinha/Documents'
2018-11-27 15:54:37,269 INFO o.a.j.s.SaveService: Testplan (JMX) version: 2.2. Testlog (JTL) version: 2.2
2018-11-27 15:54:37,298 INFO o.a.j.s.SaveService: Using SaveService properties version 5.0
2018-11-27 15:54:37,301 INFO o.a.j.s.SaveService: Using SaveService properties file encoding UTF-8
2018-11-27 15:54:37,343 INFO o.a.j.e.StandardJMeterEngine: Running the test!
2018-11-27 15:54:37,344 INFO o.a.j.s.SampleEvent: List of sample_variables: []
2018-11-27 15:54:37,344 INFO o.a.j.s.SampleEvent: List of sample_variables: []
2018-11-27 15:54:37,349 INFO o.a.j.g.u.JMeterMenuBar: setRunning(true, *local*)
2018-11-27 15:54:37,424 INFO o.a.j.e.StandardJMeterEngine: Starting ThreadGroup: 1 : Thread Group
2018-11-27 15:54:37,424 INFO o.a.j.e.StandardJMeterEngine: Starting 10 threads for group Thread Group.
2018-11-27 15:54:37,424 INFO o.a.j.e.StandardJMeterEngine: Thread will continue on error
2018-11-27 15:54:37,425 INFO o.a.j.t.ThreadGroup: Starting thread group... number=1 threads=10 ramp-up=1 perThread=100.0 delayedStart=false
2018-11-27 15:54:37,430 INFO o.a.j.t.JMeterThread: Thread started: Thread Group 1-1
2018-11-27 15:54:37,434 INFO o.a.j.t.ThreadGroup: Started thread group number 1
2018-11-27 15:54:37,434 INFO o.a.j.e.StandardJMeterEngine: All thread groups have been started
2018-11-27 15:54:37,469 INFO o.a.j.p.h.s.HTTPHCAbstractImpl: Local host = surabhis-MacBook-Pro.local
2018-11-27 15:54:37,482 INFO o.a.j.p.h.s.HTTPHC4Impl: HTTP request retry count = 0
2018-11-27 15:54:37,530 INFO o.a.j.t.JMeterThread: Thread started: Thread Group 1-2
2018-11-27 15:54:37,630 INFO o.a.j.t.JMeterThread: Thread started: Thread Group 1-3
2018-11-27 15:54:37,734 INFO o.a.j.t.JMeterThread: Thread started: Thread Group 1-4
2018-11-27 15:54:37,830 INFO o.a.j.t.JMeterThread: Thread is done: Thread Group 1-3
2018-11-27 15:54:37,831 INFO o.a.j.t.JMeterThread: Thread finished: Thread Group 1-3
2018-11-27 15:54:37,839 INFO o.a.j.t.JMeterThread: Thread started: Thread Group 1-5
2018-11-27 15:54:37,939 INFO o.a.j.t.JMeterThread: Thread started: Thread Group 1-6
2018-11-27 15:54:38,039 INFO o.a.j.t.JMeterThread: Thread started: Thread Group 1-7
2018-11-27 15:54:38,139 INFO o.a.j.t.JMeterThread: Thread started: Thread Group 1-8
2018-11-27 15:54:38,239 INFO o.a.j.t.JMeterThread: Thread is done: Thread Group 1-1
2018-11-27 15:54:38,239 INFO o.a.j.t.JMeterThread: Thread finished: Thread Group 1-1
2018-11-27 15:54:38,239 INFO o.a.j.t.JMeterThread: Thread started: Thread Group 1-9
2018-11-27 15:54:38,259 INFO o.a.j.t.JMeterThread: Thread is done: Thread Group 1-2
2018-11-27 15:54:38,259 INFO o.a.j.t.JMeterThread: Thread finished: Thread Group 1-2
2018-11-27 15:54:38,339 INFO o.a.j.t.JMeterThread: Thread started: Thread Group 1-10
2018-11-27 15:54:38,509 INFO o.a.j.t.JMeterThread: Thread is done: Thread Group 1-5
2018-11-27 15:54:38,509 INFO o.a.j.t.JMeterThread: Thread finished: Thread Group 1-5
2018-11-27 15:54:38,563 INFO o.a.j.t.JMeterThread: Thread is done: Thread Group 1-4
2018-11-27 15:54:38,563 INFO o.a.j.t.JMeterThread: Thread finished: Thread Group 1-4
2018-11-27 15:54:38,571 INFO o.a.j.t.JMeterThread: Thread is done: Thread Group 1-6
2018-11-27 15:54:38,572 INFO o.a.j.t.JMeterThread: Thread finished: Thread Group 1-6
2018-11-27 15:54:38,915 INFO o.a.j.t.JMeterThread: Thread is done: Thread Group 1-8
2018-11-27 15:54:38,915 INFO o.a.j.t.JMeterThread: Thread finished: Thread Group 1-8
2018-11-27 15:54:38,915 INFO o.a.j.t.JMeterThread: Thread is done: Thread Group 1-9
2018-11-27 15:54:38,915 INFO o.a.j.t.JMeterThread: Thread is done: Thread Group 1-10
2018-11-27 15:54:38,915 INFO o.a.j.t.JMeterThread: Thread finished: Thread Group 1-9
2018-11-27 15:54:38,915 INFO o.a.j.t.JMeterThread: Thread finished: Thread Group 1-10
2018-11-27 15:54:38,915 INFO o.a.j.t.JMeterThread: Thread is done: Thread Group 1-7
2018-11-27 15:54:38,916 INFO o.a.j.t.JMeterThread: Thread finished: Thread Group 1-7
2018-11-27 15:54:38,916 INFO o.a.j.e.StandardJMeterEngine: Notifying test listeners of end of test
2018-11-27 15:54:38,917 INFO o.a.j.g.u.JMeterMenuBar: setRunning(false, *local*)
2018-11-27 15:54:44,426 WARN o.a.j.u.JMeterUtils: ERROR! Resource string not found: [label]
2018-11-27 15:54:44,447 WARN o.a.j.u.JMeterUtils: ERROR! Resource string not found: [label]
2018-11-27 15:54:44,447 WARN o.a.j.u.JMeterUtils: ERROR! Resource string not found: [label]
2018-11-27 15:54:44,452 WARN o.a.j.u.JMeterUtils: ERROR! Resource string not found: [label]
2018-11-27 15:54:44,452 WARN o.a.j.u.JMeterUtils: ERROR! Resource string not found: [#_samples]
2018-11-27 15:54:44,452 WARN o.a.j.u.JMeterUtils: ERROR! Resource string not found: [median]
2018-11-27 15:54:44,452 WARN o.a.j.u.JMeterUtils: ERROR! Resource string not found: [90%_line]
2018-11-27 15:54:44,452 WARN o.a.j.u.JMeterUtils: ERROR! Resource string not found: [95%_line]
2018-11-27 15:54:44,453 WARN o.a.j.u.JMeterUtils: ERROR! Resource string not found: [99%_line]
2018-11-27 15:54:44,453 WARN o.a.j.u.JMeterUtils: ERROR! Resource string not found: [min]
2018-11-27 15:54:44,453 WARN o.a.j.u.JMeterUtils: ERROR! Resource string not found: [error_%]
2018-11-27 15:54:44,453 WARN o.a.j.u.JMeterUtils: ERROR! Resource string not found: [throughput]
2018-11-27 15:54:44,453 WARN o.a.j.u.JMeterUtils: ERROR! Resource string not found: [received_kb/sec]
2018-11-27 15:54:44,454 WARN o.a.j.u.JMeterUtils: ERROR! Resource string not found: [sent_kb/sec]
2018-11-27 15:54:44,516 WARN o.a.j.u.JMeterUtils: ERROR! Resource string not found: [label]
2018-11-27 15:54:44,517 WARN o.a.j.u.JMeterUtils: ERROR! Resource string not found: [#_samples]
2018-11-27 15:54:44,517 WARN o.a.j.u.JMeterUtils: ERROR! Resource string not found: [median]
2018-11-27 15:54:44,517 WARN o.a.j.u.JMeterUtils: ERROR! Resource string not found: [90%_line]
2018-11-27 15:54:44,517 WARN o.a.j.u.JMeterUtils: ERROR! Resource string not found: [95%_line]
2018-11-27 15:54:44,517 WARN o.a.j.u.JMeterUtils: ERROR! Resource string not found: [99%_line]
2018-11-27 15:54:44,517 WARN o.a.j.u.JMeterUtils: ERROR! Resource string not found: [min]
2018-11-27 15:54:44,517 WARN o.a.j.u.JMeterUtils: ERROR! Resource string not found: [error_%]
2018-11-27 15:54:44,518 WARN o.a.j.u.JMeterUtils: ERROR! Resource string not found: [throughput]
2018-11-27 15:54:44,518 WARN o.a.j.u.JMeterUtils: ERROR! Resource string not found: [received_kb/sec]
2018-11-27 15:54:44,518 WARN o.a.j.u.JMeterUtils: ERROR! Resource string not found: [sent_kb/sec]
